[0.117s] DEBUG:colcon:Command line arguments: ['/usr/bin/colcon', 'build', '--packages-select', 'turtlebot3_slam_mapper']
[0.117s] DEBUG:colcon:Parsed command line arguments: Namespace(log_base=None, log_level=None, verb_name='build', build_base='build', install_base='install', merge_install=False, symlink_install=False, test_result_base=None, continue_on_error=False, executor='parallel', parallel_workers=8, event_handlers=None, ignore_user_meta=False, metas=['./colcon.meta'], base_paths=['.'], packages_ignore=None, packages_ignore_regex=None, paths=None, packages_up_to=None, packages_up_to_regex=None, packages_above=None, packages_above_and_dependencies=None, packages_above_depth=None, packages_select_by_dep=None, packages_skip_by_dep=None, packages_skip_up_to=None, packages_select_build_failed=False, packages_skip_build_finished=False, packages_select_test_failures=False, packages_skip_test_passed=False, packages_select=['turtlebot3_slam_mapper'], packages_skip=None, packages_select_regex=None, packages_skip_regex=None, packages_start=None, packages_end=None, allow_overriding=[], cmake_args=None, cmake_target=None, cmake_target_skip_unavailable=False, cmake_clean_cache=False, cmake_clean_first=False, cmake_force_configure=False, ament_cmake_args=None, catkin_cmake_args=None, catkin_skip_building_tests=False, mixin_files=None, mixin=None, verb_parser=<colcon_mixin.mixin.mixin_argument.MixinArgumentDecorator object at 0x760c8a3a5bd0>, verb_extension=<colcon_core.verb.build.BuildVerb object at 0x760c8a3a5600>, main=<bound method BuildVerb.main of <colcon_core.verb.build.BuildVerb object at 0x760c8a3a5600>>, mixin_verb=('build',))
[0.365s] Level 1:colcon.colcon_core.package_discovery:discover_packages(colcon_meta) check parameters
[0.365s] Level 1:colcon.colcon_core.package_discovery:discover_packages(recursive) check parameters
[0.365s] Level 1:colcon.colcon_core.package_discovery:discover_packages(ignore) check parameters
[0.365s] Level 1:colcon.colcon_core.package_discovery:discover_packages(path) check parameters
[0.365s] Level 1:colcon.colcon_core.package_discovery:discover_packages(colcon_meta) discover
[0.365s] Level 1:colcon.colcon_core.package_discovery:discover_packages(recursive) discover
[0.365s] INFO:colcon.colcon_core.package_discovery:Crawling recursively for packages in '/home/agustin/Documentos/4to/robotica/TPF_robotica'
[0.365s] Level 1:colcon.colcon_core.package_identification:_identify(.) by extensions ['ignore', 'ignore_ament_install']
[0.365s] Level 1:colcon.colcon_core.package_identification:_identify(.) by extension 'ignore'
[0.366s] Level 1:colcon.colcon_core.package_identification:_identify(.) by extension 'ignore_ament_install'
[0.366s] Level 1:colcon.colcon_core.package_identification:_identify(.) by extensions ['colcon_pkg']
[0.366s] Level 1:colcon.colcon_core.package_identification:_identify(.) by extension 'colcon_pkg'
[0.366s] Level 1:colcon.colcon_core.package_identification:_identify(.) by extensions ['colcon_meta']
[0.366s] Level 1:colcon.colcon_core.package_identification:_identify(.) by extension 'colcon_meta'
[0.366s] Level 1:colcon.colcon_core.package_identification:_identify(.) by extensions ['ros']
[0.366s] Level 1:colcon.colcon_core.package_identification:_identify(.) by extension 'ros'
[0.378s] Level 1:colcon.colcon_core.package_identification:_identify(.) by extensions ['cmake', 'python']
[0.378s] Level 1:colcon.colcon_core.package_identification:_identify(.) by extension 'cmake'
[0.378s] Level 1:colcon.colcon_core.package_identification:_identify(.) by extension 'python'
[0.378s] Level 1:colcon.colcon_core.package_identification:_identify(.) by extensions ['python_setup_py']
[0.378s] Level 1:colcon.colcon_core.package_identification:_identify(.) by extension 'python_setup_py'
[0.378s] Level 1:colcon.colcon_core.package_identification:_identify(archivos) by extensions ['ignore', 'ignore_ament_install']
[0.378s] Level 1:colcon.colcon_core.package_identification:_identify(archivos) by extension 'ignore'
[0.378s] Level 1:colcon.colcon_core.package_identification:_identify(archivos) by extension 'ignore_ament_install'
[0.378s] Level 1:colcon.colcon_core.package_identification:_identify(archivos) by extensions ['colcon_pkg']
[0.378s] Level 1:colcon.colcon_core.package_identification:_identify(archivos) by extension 'colcon_pkg'
[0.378s] Level 1:colcon.colcon_core.package_identification:_identify(archivos) by extensions ['colcon_meta']
[0.378s] Level 1:colcon.colcon_core.package_identification:_identify(archivos) by extension 'colcon_meta'
[0.378s] Level 1:colcon.colcon_core.package_identification:_identify(archivos) by extensions ['ros']
[0.378s] Level 1:colcon.colcon_core.package_identification:_identify(archivos) by extension 'ros'
[0.378s] Level 1:colcon.colcon_core.package_identification:_identify(archivos) by extensions ['cmake', 'python']
[0.378s] Level 1:colcon.colcon_core.package_identification:_identify(archivos) by extension 'cmake'
[0.378s] Level 1:colcon.colcon_core.package_identification:_identify(archivos) by extension 'python'
[0.379s] Level 1:colcon.colcon_core.package_identification:_identify(archivos) by extensions ['python_setup_py']
[0.379s] Level 1:colcon.colcon_core.package_identification:_identify(archivos) by extension 'python_setup_py'
[0.379s] Level 1:colcon.colcon_core.package_identification:_identify(archivos/my_png_model) by extensions ['ignore', 'ignore_ament_install']
[0.379s] Level 1:colcon.colcon_core.package_identification:_identify(archivos/my_png_model) by extension 'ignore'
[0.379s] Level 1:colcon.colcon_core.package_identification:_identify(archivos/my_png_model) by extension 'ignore_ament_install'
[0.379s] Level 1:colcon.colcon_core.package_identification:_identify(archivos/my_png_model) by extensions ['colcon_pkg']
[0.379s] Level 1:colcon.colcon_core.package_identification:_identify(archivos/my_png_model) by extension 'colcon_pkg'
[0.379s] Level 1:colcon.colcon_core.package_identification:_identify(archivos/my_png_model) by extensions ['colcon_meta']
[0.379s] Level 1:colcon.colcon_core.package_identification:_identify(archivos/my_png_model) by extension 'colcon_meta'
[0.379s] Level 1:colcon.colcon_core.package_identification:_identify(archivos/my_png_model) by extensions ['ros']
[0.379s] Level 1:colcon.colcon_core.package_identification:_identify(archivos/my_png_model) by extension 'ros'
[0.379s] Level 1:colcon.colcon_core.package_identification:_identify(archivos/my_png_model) by extensions ['cmake', 'python']
[0.379s] Level 1:colcon.colcon_core.package_identification:_identify(archivos/my_png_model) by extension 'cmake'
[0.379s] Level 1:colcon.colcon_core.package_identification:_identify(archivos/my_png_model) by extension 'python'
[0.379s] Level 1:colcon.colcon_core.package_identification:_identify(archivos/my_png_model) by extensions ['python_setup_py']
[0.379s] Level 1:colcon.colcon_core.package_identification:_identify(archivos/my_png_model) by extension 'python_setup_py'
[0.379s] Level 1:colcon.colcon_core.package_identification:_identify(archivos/turtlebot3_slam_mapper) by extensions ['ignore', 'ignore_ament_install']
[0.379s] Level 1:colcon.colcon_core.package_identification:_identify(archivos/turtlebot3_slam_mapper) by extension 'ignore'
[0.379s] Level 1:colcon.colcon_core.package_identification:_identify(archivos/turtlebot3_slam_mapper) by extension 'ignore_ament_install'
[0.379s] Level 1:colcon.colcon_core.package_identification:_identify(archivos/turtlebot3_slam_mapper) by extensions ['colcon_pkg']
[0.379s] Level 1:colcon.colcon_core.package_identification:_identify(archivos/turtlebot3_slam_mapper) by extension 'colcon_pkg'
[0.379s] Level 1:colcon.colcon_core.package_identification:_identify(archivos/turtlebot3_slam_mapper) by extensions ['colcon_meta']
[0.380s] Level 1:colcon.colcon_core.package_identification:_identify(archivos/turtlebot3_slam_mapper) by extension 'colcon_meta'
[0.380s] Level 1:colcon.colcon_core.package_identification:_identify(archivos/turtlebot3_slam_mapper) by extensions ['ros']
[0.380s] Level 1:colcon.colcon_core.package_identification:_identify(archivos/turtlebot3_slam_mapper) by extension 'ros'
[0.383s] DEBUG:colcon.colcon_core.package_identification:Package 'archivos/turtlebot3_slam_mapper' with type 'ros.ament_python' and name 'turtlebot3_slam_mapper'
[0.383s] Level 1:colcon.colcon_core.package_identification:_identify(build) by extensions ['ignore', 'ignore_ament_install']
[0.383s] Level 1:colcon.colcon_core.package_identification:_identify(build) by extension 'ignore'
[0.383s] Level 1:colcon.colcon_core.package_identification:_identify(build) ignored
[0.383s] Level 1:colcon.colcon_core.package_identification:_identify(install) by extensions ['ignore', 'ignore_ament_install']
[0.383s] Level 1:colcon.colcon_core.package_identification:_identify(install) by extension 'ignore'
[0.383s] Level 1:colcon.colcon_core.package_identification:_identify(install) ignored
[0.383s] Level 1:colcon.colcon_core.package_identification:_identify(log) by extensions ['ignore', 'ignore_ament_install']
[0.383s] Level 1:colcon.colcon_core.package_identification:_identify(log) by extension 'ignore'
[0.383s] Level 1:colcon.colcon_core.package_identification:_identify(log) ignored
[0.383s] Level 1:colcon.colcon_core.package_discovery:discover_packages(recursive) using defaults
[0.383s] Level 1:colcon.colcon_core.package_discovery:discover_packages(ignore) discover
[0.383s] Level 1:colcon.colcon_core.package_discovery:discover_packages(ignore) using defaults
[0.383s] Level 1:colcon.colcon_core.package_discovery:discover_packages(path) discover
[0.384s] Level 1:colcon.colcon_core.package_discovery:discover_packages(path) using defaults
[0.404s] Level 1:colcon.colcon_core.package_discovery:discover_packages(prefix_path) check parameters
[0.404s] Level 1:colcon.colcon_core.package_discovery:discover_packages(prefix_path) discover
[0.406s] DEBUG:colcon.colcon_installed_package_information.package_discovery:Found 1 installed packages in /home/agustin/Documentos/4to/robotica/TPF_robotica/install
[0.406s] DEBUG:colcon.colcon_installed_package_information.package_discovery:Found 15 installed packages in /home/agustin/turtlebot3_ws/install
[0.408s] DEBUG:colcon.colcon_installed_package_information.package_discovery:Found 364 installed packages in /opt/ros/humble
[0.409s] Level 1:colcon.colcon_core.package_discovery:discover_packages(prefix_path) using defaults
[0.449s] Level 5:colcon.colcon_core.verb:set package 'turtlebot3_slam_mapper' build argument 'cmake_args' from command line to 'None'
[0.449s] Level 5:colcon.colcon_core.verb:set package 'turtlebot3_slam_mapper' build argument 'cmake_target' from command line to 'None'
[0.449s] Level 5:colcon.colcon_core.verb:set package 'turtlebot3_slam_mapper' build argument 'cmake_target_skip_unavailable' from command line to 'False'
[0.449s] Level 5:colcon.colcon_core.verb:set package 'turtlebot3_slam_mapper' build argument 'cmake_clean_cache' from command line to 'False'
[0.449s] Level 5:colcon.colcon_core.verb:set package 'turtlebot3_slam_mapper' build argument 'cmake_clean_first' from command line to 'False'
[0.449s] Level 5:colcon.colcon_core.verb:set package 'turtlebot3_slam_mapper' build argument 'cmake_force_configure' from command line to 'False'
[0.449s] Level 5:colcon.colcon_core.verb:set package 'turtlebot3_slam_mapper' build argument 'ament_cmake_args' from command line to 'None'
[0.449s] Level 5:colcon.colcon_core.verb:set package 'turtlebot3_slam_mapper' build argument 'catkin_cmake_args' from command line to 'None'
[0.449s] Level 5:colcon.colcon_core.verb:set package 'turtlebot3_slam_mapper' build argument 'catkin_skip_building_tests' from command line to 'False'
[0.449s] DEBUG:colcon.colcon_core.verb:Building package 'turtlebot3_slam_mapper' with the following arguments: {'ament_cmake_args': None, 'build_base': '/home/agustin/Documentos/4to/robotica/TPF_robotica/build/turtlebot3_slam_mapper', 'catkin_cmake_args': None, 'catkin_skip_building_tests': False, 'cmake_args': None, 'cmake_clean_cache': False, 'cmake_clean_first': False, 'cmake_force_configure': False, 'cmake_target': None, 'cmake_target_skip_unavailable': False, 'install_base': '/home/agustin/Documentos/4to/robotica/TPF_robotica/install/turtlebot3_slam_mapper', 'merge_install': False, 'path': '/home/agustin/Documentos/4to/robotica/TPF_robotica/archivos/turtlebot3_slam_mapper', 'symlink_install': False, 'test_result_base': None}
[0.450s] INFO:colcon.colcon_core.executor:Executing jobs using 'parallel' executor
[0.451s] DEBUG:colcon.colcon_parallel_executor.executor.parallel:run_until_complete
[0.451s] INFO:colcon.colcon_ros.task.ament_python.build:Building ROS package in '/home/agustin/Documentos/4to/robotica/TPF_robotica/archivos/turtlebot3_slam_mapper' with build type 'ament_python'
[0.451s] Level 1:colcon.colcon_core.shell:create_environment_hook('turtlebot3_slam_mapper', 'ament_prefix_path')
[0.453s] INFO:colcon.colcon_core.plugin_system:Skipping extension 'colcon_core.shell.bat': Not used on non-Windows systems
[0.453s] INFO:colcon.colcon_core.shell:Creating environment hook '/home/agustin/Documentos/4to/robotica/TPF_robotica/install/turtlebot3_slam_mapper/share/turtlebot3_slam_mapper/hook/ament_prefix_path.ps1'
[0.454s] INFO:colcon.colcon_core.shell:Creating environment descriptor '/home/agustin/Documentos/4to/robotica/TPF_robotica/install/turtlebot3_slam_mapper/share/turtlebot3_slam_mapper/hook/ament_prefix_path.dsv'
[0.455s] INFO:colcon.colcon_core.shell:Creating environment hook '/home/agustin/Documentos/4to/robotica/TPF_robotica/install/turtlebot3_slam_mapper/share/turtlebot3_slam_mapper/hook/ament_prefix_path.sh'
[0.455s] INFO:colcon.colcon_core.shell:Skip shell extension 'powershell' for command environment: Not usable outside of PowerShell
[0.455s] DEBUG:colcon.colcon_core.shell:Skip shell extension 'dsv' for command environment
[0.860s] INFO:colcon.colcon_core.task.python.build:Building Python package in '/home/agustin/Documentos/4to/robotica/TPF_robotica/archivos/turtlebot3_slam_mapper'
[0.860s] INFO:colcon.colcon_core.shell:Skip shell extension 'powershell' for command environment: Not usable outside of PowerShell
[0.861s] DEBUG:colcon.colcon_core.shell:Skip shell extension 'dsv' for command environment
[1.287s] DEBUG:colcon.colcon_core.event_handler.log_command:Invoking command in '/home/agustin/Documentos/4to/robotica/TPF_robotica/archivos/turtlebot3_slam_mapper': PYTHONPATH=/home/agustin/Documentos/4to/robotica/TPF_robotica/build/turtlebot3_slam_mapper/prefix_override:/usr/lib/python3/dist-packages/colcon_core/task/python/colcon_distutils_commands:/home/agustin/Documentos/4to/robotica/TPF_robotica/install/turtlebot3_slam_mapper/lib/python3.10/site-packages:${PYTHONPATH} /usr/bin/python3 -W ignore:setup.py install is deprecated -W ignore:easy_install command is deprecated setup.py egg_info --egg-base ../../build/turtlebot3_slam_mapper build --build-base /home/agustin/Documentos/4to/robotica/TPF_robotica/build/turtlebot3_slam_mapper/build install --record /home/agustin/Documentos/4to/robotica/TPF_robotica/build/turtlebot3_slam_mapper/install.log --single-version-externally-managed install_data
[1.639s] DEBUG:colcon.colcon_core.event_handler.log_command:Invoked command in '/home/agustin/Documentos/4to/robotica/TPF_robotica/archivos/turtlebot3_slam_mapper' returned '0': PYTHONPATH=/home/agustin/Documentos/4to/robotica/TPF_robotica/build/turtlebot3_slam_mapper/prefix_override:/usr/lib/python3/dist-packages/colcon_core/task/python/colcon_distutils_commands:/home/agustin/Documentos/4to/robotica/TPF_robotica/install/turtlebot3_slam_mapper/lib/python3.10/site-packages:${PYTHONPATH} /usr/bin/python3 -W ignore:setup.py install is deprecated -W ignore:easy_install command is deprecated setup.py egg_info --egg-base ../../build/turtlebot3_slam_mapper build --build-base /home/agustin/Documentos/4to/robotica/TPF_robotica/build/turtlebot3_slam_mapper/build install --record /home/agustin/Documentos/4to/robotica/TPF_robotica/build/turtlebot3_slam_mapper/install.log --single-version-externally-managed install_data
[1.641s] Level 1:colcon.colcon_core.environment:checking '/home/agustin/Documentos/4to/robotica/TPF_robotica/install/turtlebot3_slam_mapper' for CMake module files
[1.642s] Level 1:colcon.colcon_core.environment:checking '/home/agustin/Documentos/4to/robotica/TPF_robotica/install/turtlebot3_slam_mapper' for CMake config files
[1.642s] Level 1:colcon.colcon_core.environment:checking '/home/agustin/Documentos/4to/robotica/TPF_robotica/install/turtlebot3_slam_mapper/lib'
[1.642s] Level 1:colcon.colcon_core.environment:checking '/home/agustin/Documentos/4to/robotica/TPF_robotica/install/turtlebot3_slam_mapper/bin'
[1.642s] Level 1:colcon.colcon_core.environment:checking '/home/agustin/Documentos/4to/robotica/TPF_robotica/install/turtlebot3_slam_mapper/lib/pkgconfig/turtlebot3_slam_mapper.pc'
[1.643s] Level 1:colcon.colcon_core.environment:checking '/home/agustin/Documentos/4to/robotica/TPF_robotica/install/turtlebot3_slam_mapper/lib/python3.10/site-packages'
[1.643s] Level 1:colcon.colcon_core.shell:create_environment_hook('turtlebot3_slam_mapper', 'pythonpath')
[1.643s] INFO:colcon.colcon_core.shell:Creating environment hook '/home/agustin/Documentos/4to/robotica/TPF_robotica/install/turtlebot3_slam_mapper/share/turtlebot3_slam_mapper/hook/pythonpath.ps1'
[1.643s] INFO:colcon.colcon_core.shell:Creating environment descriptor '/home/agustin/Documentos/4to/robotica/TPF_robotica/install/turtlebot3_slam_mapper/share/turtlebot3_slam_mapper/hook/pythonpath.dsv'
[1.644s] INFO:colcon.colcon_core.shell:Creating environment hook '/home/agustin/Documentos/4to/robotica/TPF_robotica/install/turtlebot3_slam_mapper/share/turtlebot3_slam_mapper/hook/pythonpath.sh'
[1.644s] Level 1:colcon.colcon_core.environment:checking '/home/agustin/Documentos/4to/robotica/TPF_robotica/install/turtlebot3_slam_mapper/bin'
[1.644s] Level 1:colcon.colcon_core.environment:create_environment_scripts_only(turtlebot3_slam_mapper)
[1.645s] INFO:colcon.colcon_core.shell:Creating package script '/home/agustin/Documentos/4to/robotica/TPF_robotica/install/turtlebot3_slam_mapper/share/turtlebot3_slam_mapper/package.ps1'
[1.645s] INFO:colcon.colcon_core.shell:Creating package descriptor '/home/agustin/Documentos/4to/robotica/TPF_robotica/install/turtlebot3_slam_mapper/share/turtlebot3_slam_mapper/package.dsv'
[1.646s] INFO:colcon.colcon_core.shell:Creating package script '/home/agustin/Documentos/4to/robotica/TPF_robotica/install/turtlebot3_slam_mapper/share/turtlebot3_slam_mapper/package.sh'
[1.647s] INFO:colcon.colcon_core.shell:Creating package script '/home/agustin/Documentos/4to/robotica/TPF_robotica/install/turtlebot3_slam_mapper/share/turtlebot3_slam_mapper/package.bash'
[1.647s] INFO:colcon.colcon_core.shell:Creating package script '/home/agustin/Documentos/4to/robotica/TPF_robotica/install/turtlebot3_slam_mapper/share/turtlebot3_slam_mapper/package.zsh'
[1.648s] Level 1:colcon.colcon_core.environment:create_file_with_runtime_dependencies(/home/agustin/Documentos/4to/robotica/TPF_robotica/install/turtlebot3_slam_mapper/share/colcon-core/packages/turtlebot3_slam_mapper)
[1.648s] DEBUG:colcon.colcon_parallel_executor.executor.parallel:closing loop
[1.648s] DEBUG:colcon.colcon_parallel_executor.executor.parallel:loop closed
[1.648s] DEBUG:colcon.colcon_parallel_executor.executor.parallel:run_until_complete finished with '0'
[1.649s] DEBUG:colcon.colcon_core.event_reactor:joining thread
[1.653s] INFO:colcon.colcon_core.plugin_system:Skipping extension 'colcon_notification.desktop_notification.terminal_notifier': Not used on non-Darwin systems
[1.653s] INFO:colcon.colcon_core.plugin_system:Skipping extension 'colcon_notification.desktop_notification.win32': Not used on non-Windows systems
[1.654s] INFO:colcon.colcon_notification.desktop_notification:Sending desktop notification using 'notify2'
[1.667s] DEBUG:colcon.colcon_core.event_reactor:joined thread
[1.668s] INFO:colcon.colcon_core.shell:Creating prefix script '/home/agustin/Documentos/4to/robotica/TPF_robotica/install/local_setup.ps1'
[1.669s] INFO:colcon.colcon_core.shell:Creating prefix util module '/home/agustin/Documentos/4to/robotica/TPF_robotica/install/_local_setup_util_ps1.py'
[1.673s] INFO:colcon.colcon_core.shell:Creating prefix chain script '/home/agustin/Documentos/4to/robotica/TPF_robotica/install/setup.ps1'
[1.677s] INFO:colcon.colcon_core.shell:Creating prefix script '/home/agustin/Documentos/4to/robotica/TPF_robotica/install/local_setup.sh'
[1.678s] INFO:colcon.colcon_core.shell:Creating prefix util module '/home/agustin/Documentos/4to/robotica/TPF_robotica/install/_local_setup_util_sh.py'
[1.679s] INFO:colcon.colcon_core.shell:Creating prefix chain script '/home/agustin/Documentos/4to/robotica/TPF_robotica/install/setup.sh'
[1.681s] INFO:colcon.colcon_core.shell:Creating prefix script '/home/agustin/Documentos/4to/robotica/TPF_robotica/install/local_setup.bash'
[1.682s] INFO:colcon.colcon_core.shell:Creating prefix chain script '/home/agustin/Documentos/4to/robotica/TPF_robotica/install/setup.bash'
[1.684s] INFO:colcon.colcon_core.shell:Creating prefix script '/home/agustin/Documentos/4to/robotica/TPF_robotica/install/local_setup.zsh'
[1.684s] INFO:colcon.colcon_core.shell:Creating prefix chain script '/home/agustin/Documentos/4to/robotica/TPF_robotica/install/setup.zsh'
