[0.924s] Invoking command in '/home/agustin/Documentos/4to/robotica/TPF_robotica/archivos/turtlebot3_slam_mapper': PYTHONPATH=/home/agustin/Documentos/4to/robotica/TPF_robotica/build/turtlebot3_slam_mapper/prefix_override:/usr/lib/python3/dist-packages/colcon_core/task/python/colcon_distutils_commands:/home/agustin/Documentos/4to/robotica/TPF_robotica/install/turtlebot3_slam_mapper/lib/python3.10/site-packages:${PYTHONPATH} /usr/bin/python3 -W ignore:setup.py install is deprecated -W ignore:easy_install command is deprecated setup.py egg_info --egg-base ../../build/turtlebot3_slam_mapper build --build-base /home/agustin/Documentos/4to/robotica/TPF_robotica/build/turtlebot3_slam_mapper/build install --record /home/agustin/Documentos/4to/robotica/TPF_robotica/build/turtlebot3_slam_mapper/install.log --single-version-externally-managed install_data
[1.281s] running egg_info
[1.282s] writing ../../build/turtlebot3_slam_mapper/turtlebot3_slam_mapper.egg-info/PKG-INFO
[1.282s] writing dependency_links to ../../build/turtlebot3_slam_mapper/turtlebot3_slam_mapper.egg-info/dependency_links.txt
[1.283s] writing entry points to ../../build/turtlebot3_slam_mapper/turtlebot3_slam_mapper.egg-info/entry_points.txt
[1.283s] writing requirements to ../../build/turtlebot3_slam_mapper/turtlebot3_slam_mapper.egg-info/requires.txt
[1.283s] writing top-level names to ../../build/turtlebot3_slam_mapper/turtlebot3_slam_mapper.egg-info/top_level.txt
[1.285s] reading manifest file '../../build/turtlebot3_slam_mapper/turtlebot3_slam_mapper.egg-info/SOURCES.txt'
[1.287s] writing manifest file '../../build/turtlebot3_slam_mapper/turtlebot3_slam_mapper.egg-info/SOURCES.txt'
[1.287s] running build
[1.287s] running build_py
[1.287s] running install
[1.288s] running install_lib
[1.291s] running install_data
[1.291s] copying launch/python_slam_maze.launch.py -> /home/agustin/Documentos/4to/robotica/TPF_robotica/install/turtlebot3_slam_mapper/share/turtlebot3_slam_mapper/launch
[1.291s] running install_egg_info
[1.295s] removing '/home/agustin/Documentos/4to/robotica/TPF_robotica/install/turtlebot3_slam_mapper/lib/python3.10/site-packages/turtlebot3_slam_mapper-0.0.0-py3.10.egg-info' (and everything under it)
[1.296s] Copying ../../build/turtlebot3_slam_mapper/turtlebot3_slam_mapper.egg-info to /home/agustin/Documentos/4to/robotica/TPF_robotica/install/turtlebot3_slam_mapper/lib/python3.10/site-packages/turtlebot3_slam_mapper-0.0.0-py3.10.egg-info
[1.297s] running install_scripts
[1.321s] Installing python_slam_node script to /home/agustin/Documentos/4to/robotica/TPF_robotica/install/turtlebot3_slam_mapper/lib/turtlebot3_slam_mapper
[1.322s] writing list of installed files to '/home/agustin/Documentos/4to/robotica/TPF_robotica/build/turtlebot3_slam_mapper/install.log'
[1.358s] Invoked command in '/home/agustin/Documentos/4to/robotica/TPF_robotica/archivos/turtlebot3_slam_mapper' returned '0': PYTHONPATH=/home/agustin/Documentos/4to/robotica/TPF_robotica/build/turtlebot3_slam_mapper/prefix_override:/usr/lib/python3/dist-packages/colcon_core/task/python/colcon_distutils_commands:/home/agustin/Documentos/4to/robotica/TPF_robotica/install/turtlebot3_slam_mapper/lib/python3.10/site-packages:${PYTHONPATH} /usr/bin/python3 -W ignore:setup.py install is deprecated -W ignore:easy_install command is deprecated setup.py egg_info --egg-base ../../build/turtlebot3_slam_mapper build --build-base /home/agustin/Documentos/4to/robotica/TPF_robotica/build/turtlebot3_slam_mapper/build install --record /home/agustin/Documentos/4to/robotica/TPF_robotica/build/turtlebot3_slam_mapper/install.log --single-version-externally-managed install_data
